<?xml version="1.0" encoding="UTF-8"?>
<testng-results skipped="0" failed="0" ignored="0" total="2" passed="2">
  <reporter-output>
  </reporter-output>
  <suite name="Default suite" duration-ms="313742" started-at="2021-12-17T19:58:54Z" finished-at="2021-12-17T20:04:08Z">
    <groups>
    </groups>
    <test name="Default test" duration-ms="313742" started-at="2021-12-17T19:58:54Z" finished-at="2021-12-17T20:04:08Z">
      <class name="TestP.TestCasesClass">
        <test-method status="PASS" signature="beforeSuite()[pri:0, instance:TestP.TestCasesClass@1fa1d9b]" name="beforeSuite" is-config="true" duration-ms="24" started-at="2021-12-17T19:58:54Z" finished-at="2021-12-17T19:58:54Z">
          <reporter-output>
          </reporter-output>
        </test-method> <!-- beforeSuite -->
        <test-method status="PASS" signature="beforeClass()[pri:0, instance:TestP.TestCasesClass@1fa1d9b]" name="beforeClass" is-config="true" duration-ms="1" started-at="2021-12-17T19:58:54Z" finished-at="2021-12-17T19:58:54Z">
          <reporter-output>
          </reporter-output>
        </test-method> <!-- beforeClass -->
        <test-method status="PASS" signature="beforeMehtodClass()[pri:0, instance:TestP.TestCasesClass@1fa1d9b]" name="beforeMehtodClass" is-config="true" duration-ms="5927" started-at="2021-12-17T19:58:54Z" finished-at="2021-12-17T19:59:00Z">
          <reporter-output>
          </reporter-output>
        </test-method> <!-- beforeMehtodClass -->
        <test-method status="PASS" signature="positiveTest1()[pri:1, instance:TestP.TestCasesClass@1fa1d9b]" name="positiveTest1" duration-ms="159023" started-at="2021-12-17T19:59:00Z" finished-at="2021-12-17T20:01:39Z">
          <reporter-output>
          </reporter-output>
        </test-method> <!-- positiveTest1 -->
        <test-method status="PASS" signature="close()[pri:0, instance:TestP.TestCasesClass@1fa1d9b]" name="close" is-config="true" duration-ms="0" started-at="2021-12-17T20:01:39Z" finished-at="2021-12-17T20:01:39Z">
          <reporter-output>
          </reporter-output>
        </test-method> <!-- close -->
        <test-method status="PASS" signature="beforeMehtodClass()[pri:0, instance:TestP.TestCasesClass@1fa1d9b]" name="beforeMehtodClass" is-config="true" duration-ms="0" started-at="2021-12-17T20:01:39Z" finished-at="2021-12-17T20:01:39Z">
          <reporter-output>
          </reporter-output>
        </test-method> <!-- beforeMehtodClass -->
        <test-method status="PASS" signature="PositiveTest2()[pri:2, instance:TestP.TestCasesClass@1fa1d9b]" name="PositiveTest2" duration-ms="146518" started-at="2021-12-17T20:01:39Z" finished-at="2021-12-17T20:04:06Z">
          <reporter-output>
          </reporter-output>
        </test-method> <!-- PositiveTest2 -->
        <test-method status="PASS" signature="afterClass()[pri:0, instance:TestP.TestCasesClass@1fa1d9b]" name="afterClass" is-config="true" duration-ms="2224" started-at="2021-12-17T20:04:06Z" finished-at="2021-12-17T20:04:08Z">
          <reporter-output>
          </reporter-output>
        </test-method> <!-- afterClass -->
        <test-method status="PASS" signature="close()[pri:0, instance:TestP.TestCasesClass@1fa1d9b]" name="close" is-config="true" duration-ms="0" started-at="2021-12-17T20:04:06Z" finished-at="2021-12-17T20:04:06Z">
          <reporter-output>
          </reporter-output>
        </test-method> <!-- close -->
        <test-method status="PASS" signature="afterSuite()[pri:0, instance:TestP.TestCasesClass@1fa1d9b]" name="afterSuite" is-config="true" duration-ms="1053" started-at="2021-12-17T20:04:08Z" finished-at="2021-12-17T20:04:09Z">
          <reporter-output>
          </reporter-output>
        </test-method> <!-- afterSuite -->
      </class> <!-- TestP.TestCasesClass -->
    </test> <!-- Default test -->
  </suite> <!-- Default suite -->
</testng-results>
